This is pdfTeX, Version 3.14159265-2.6-1.40.18 (TeX Live 2017/Debian) (preloaded format=pdflatex 2019.3.16)  11 JUN 2019 23:33
entering extended mode
 restricted \write18 enabled.
 file:line:error style messages enabled.
 %&-line parsing enabled.
**/home/apsw/OneDrive/imperial/4-fourth_year/final_year_project/code/final_report/aw3515_final_report
(/home/apsw/OneDrive/imperial/4-fourth_year/final_year_project/code/final_report/aw3515_final_report.tex
LaTeX2e <2017-04-15>
Babel <3.18> and hyphenation patterns for 84 language(s) loaded.
(/usr/share/texlive/texmf-dist/tex/latex/base/article.cls
Document Class: article 2014/09/29 v1.4h Standard LaTeX document class
(/usr/share/texlive/texmf-dist/tex/latex/base/size12.clo
File: size12.clo 2014/09/29 v1.4h Standard LaTeX file (size option)
)
\c@part=\count79
\c@section=\count80
\c@subsection=\count81
\c@subsubsection=\count82
\c@paragraph=\count83
\c@subparagraph=\count84
\c@figure=\count85
\c@table=\count86
\abovecaptionskip=\skip41
\belowcaptionskip=\skip42
\bibindent=\dimen102
) (./cvpr.sty (./eso-pic.sty
Package: eso-pic 2002/11/16 v1.1b eso-pic (RN)
 (./cvpr_eso.sty

LaTeX Warning: You have requested package `eso-pic',
               but the package provides `everyshi'.

Package: everyshi 2001/05/15 v3.00 EveryShipout Package (MS)
) (/usr/share/texlive/texmf-dist/tex/latex/graphics/keyval.sty
Package: keyval 2014/10/28 v1.15 key=value parser (DPC)
\KV@toks@=\toks14
)) (/usr/share/texlive/texmf-dist/tex/latex/tools/xspace.sty
Package: xspace 2014/10/28 v1.13 Space after command names (DPC,MH)
)
CVPR 8.5 x 11-Inch Proceedings Style `cvpr.sty'.
\@ctmp=\skip43
\@figindent=\skip44
\cvprrulerbox=\box26
\cvprrulercount=\count87
\cvprruleroffset=\dimen103
\cv@lineheight=\dimen104
\cv@boxheight=\dimen105
\cv@tmpbox=\box27
\cv@refno=\count88
\cv@tot=\count89
\cv@tmpc@=\count90
\cv@tmpc=\count91
) (/usr/share/texlive/texmf-dist/tex/latex/psnfss/times.sty
Package: times 2005/04/12 PSNFSS-v9.2a (SPQR) 
) (/usr/share/texlive/texmf-dist/tex/latex/graphics/epsfig.sty
Package: epsfig 2017/06/25 v1.7b (e)psfig emulation (SPQR)
 (/usr/share/texlive/texmf-dist/tex/latex/graphics/graphicx.sty
Package: graphicx 2017/06/01 v1.1a Enhanced LaTeX Graphics (DPC,SPQR)
 (/usr/share/texlive/texmf-dist/tex/latex/graphics/graphics.sty
Package: graphics 2017/06/25 v1.2c Standard LaTeX Graphics (DPC,SPQR)
 (/usr/share/texlive/texmf-dist/tex/latex/graphics/trig.sty
Package: trig 2016/01/03 v1.10 sin cos tan (DPC)
) (/usr/share/texlive/texmf-dist/tex/latex/graphics-cfg/graphics.cfg
File: graphics.cfg 2016/06/04 v1.11 sample graphics configuration
)
Package graphics Info: Driver file: pdftex.def on input line 99.
 (/usr/share/texlive/texmf-dist/tex/latex/graphics-def/pdftex.def
File: pdftex.def 2018/01/08 v1.0l Graphics/color driver for pdftex
))
\Gin@req@height=\dimen106
\Gin@req@width=\dimen107
)
\epsfxsize=\dimen108
\epsfysize=\dimen109
) (/usr/share/texlive/texmf-dist/tex/latex/amsmath/amsmath.sty
Package: amsmath 2017/09/02 v2.17a AMS math features
\@mathmargin=\skip45

For additional information on amsmath, use the `?' option.
(/usr/share/texlive/texmf-dist/tex/latex/amsmath/amstext.sty
Package: amstext 2000/06/29 v2.01 AMS text
 (/usr/share/texlive/texmf-dist/tex/latex/amsmath/amsgen.sty
File: amsgen.sty 1999/11/30 v2.0 generic functions
\@emptytoks=\toks15
\ex@=\dimen110
)) (/usr/share/texlive/texmf-dist/tex/latex/amsmath/amsbsy.sty
Package: amsbsy 1999/11/29 v1.2d Bold Symbols
\pmbraise@=\dimen111
) (/usr/share/texlive/texmf-dist/tex/latex/amsmath/amsopn.sty
Package: amsopn 2016/03/08 v2.02 operator names
)
\inf@bad=\count92
LaTeX Info: Redefining \frac on input line 213.
\uproot@=\count93
\leftroot@=\count94
LaTeX Info: Redefining \overline on input line 375.
\classnum@=\count95
\DOTSCASE@=\count96
LaTeX Info: Redefining \ldots on input line 472.
LaTeX Info: Redefining \dots on input line 475.
LaTeX Info: Redefining \cdots on input line 596.
\Mathstrutbox@=\box28
\strutbox@=\box29
\big@size=\dimen112
LaTeX Font Info:    Redeclaring font encoding OML on input line 712.
LaTeX Font Info:    Redeclaring font encoding OMS on input line 713.
\macc@depth=\count97
\c@MaxMatrixCols=\count98
\dotsspace@=\muskip10
\c@parentequation=\count99
\dspbrk@lvl=\count100
\tag@help=\toks16
\row@=\count101
\column@=\count102
\maxfields@=\count103
\andhelp@=\toks17
\eqnshift@=\dimen113
\alignsep@=\dimen114
\tagshift@=\dimen115
\tagwidth@=\dimen116
\totwidth@=\dimen117
\lineht@=\dimen118
\@envbody=\toks18
\multlinegap=\skip46
\multlinetaggap=\skip47
\mathdisplay@stack=\toks19
LaTeX Info: Redefining \[ on input line 2817.
LaTeX Info: Redefining \] on input line 2818.
) (/usr/share/texlive/texmf-dist/tex/latex/amsfonts/amssymb.sty
Package: amssymb 2013/01/14 v3.01 AMS font symbols
 (/usr/share/texlive/texmf-dist/tex/latex/amsfonts/amsfonts.sty
Package: amsfonts 2013/01/14 v3.01 Basic AMSFonts support
\symAMSa=\mathgroup4
\symAMSb=\mathgroup5
LaTeX Font Info:    Overwriting math alphabet `\mathfrak' in version `bold'
(Font)                  U/euf/m/n --> U/euf/b/n on input line 106.
)) (/usr/share/texlive/texmf-dist/tex/latex/caption/subcaption.sty
Package: subcaption 2016/05/22 v1.1-161 Sub-captions (AR)
 (/usr/share/texlive/texmf-dist/tex/latex/caption/caption.sty
Package: caption 2016/02/21 v3.3-144 Customizing captions (AR)
 (/usr/share/texlive/texmf-dist/tex/latex/caption/caption3.sty
Package: caption3 2016/05/22 v1.7-166 caption3 kernel (AR)
Package caption3 Info: TeX engine: e-TeX on input line 67.
\captionmargin=\dimen119
\captionmargin@=\dimen120
\captionwidth=\dimen121
\caption@tempdima=\dimen122
\caption@indent=\dimen123
\caption@parindent=\dimen124
\caption@hangindent=\dimen125
Package caption Info: Unknown document class (or package),
(caption)             standard defaults will be used.
)

Package caption Warning: Unsupported document class (or package) detected,
(caption)                usage of the caption package is not recommended.
See the caption package documentation for explanation.

Package caption Info: \@makecaption = \long macro:#1#2-> \setbox \@tempboxa \hbox {\small \noindent #1.~#2} \setlength {\@ctmp }{\hsize } \addtolength {\@ctmp }{-\@figindent }\addtolength {\@ctmp }{-\@figindent } \ifdim \wd \@tempboxa >\@ctmp {\small #1.~#2\par } \else \hbox to\hsize {\hfil \box \@tempboxa \hfil } \fi .
\c@ContinuedFloat=\count104
)
\c@subfigure=\count105
\c@subtable=\count106
) (/usr/share/texlive/texmf-dist/tex/generic/ulem/ulem.sty
\UL@box=\box30
\UL@hyphenbox=\box31
\UL@skip=\skip48
\UL@hook=\toks20
\UL@height=\dimen126
\UL@pe=\count107
\UL@pixel=\dimen127
\ULC@box=\box32
Package: ulem 2012/05/18
\ULdepth=\dimen128
) (/usr/share/texlive/texmf-dist/tex/latex/lipsum/lipsum.sty
Package: lipsum 2014/07/27 v1.3 150 paragraphs of Lorem Ipsum dummy text
\c@lips@count=\count108
) (/usr/share/texlive/texmf-dist/tex/latex/tools/tabularx.sty
Package: tabularx 2016/02/03 v2.11 `tabularx' package (DPC)
 (/usr/share/texlive/texmf-dist/tex/latex/tools/array.sty
Package: array 2016/10/06 v2.4d Tabular extension package (FMi)
\col@sep=\dimen129
\extrarowheight=\dimen130
\NC@list=\toks21
\extratabsurround=\skip49
\backup@length=\skip50
)
\TX@col@width=\dimen131
\TX@old@table=\dimen132
\TX@old@col=\dimen133
\TX@target=\dimen134
\TX@delta=\dimen135
\TX@cols=\count109
\TX@ftn=\toks22
) (/usr/share/texlive/texmf-dist/tex/latex/placeins/placeins.sty
Package: placeins 2005/04/18  v 2.2
) (/usr/share/texlive/texmf-dist/tex/latex/float/float.sty
Package: float 2001/11/08 v1.3d Float enhancements (AL)
\c@float@type=\count110
\float@exts=\toks23
\float@box=\box33
\@float@everytoks=\toks24
\@floatcapt=\box34
) (/usr/share/texlive/texmf-dist/tex/latex/listings/listings.sty
\lst@mode=\count111
\lst@gtempboxa=\box35
\lst@token=\toks25
\lst@length=\count112
\lst@currlwidth=\dimen136
\lst@column=\count113
\lst@pos=\count114
\lst@lostspace=\dimen137
\lst@width=\dimen138
\lst@newlines=\count115
\lst@lineno=\count116
\lst@maxwidth=\dimen139
 (/usr/share/texlive/texmf-dist/tex/latex/listings/lstmisc.sty
File: lstmisc.sty 2015/06/04 1.6 (Carsten Heinz)
\c@lstnumber=\count117
\lst@skipnumbers=\count118
\lst@framebox=\box36
) (/usr/share/texlive/texmf-dist/tex/latex/listings/listings.cfg
File: listings.cfg 2015/06/04 1.6 listings configuration
))
Package: listings 2015/06/04 1.6 (Carsten Heinz)
 (/usr/share/texlive/texmf-dist/tex/latex/colortbl/colortbl.sty
Package: colortbl 2012/02/13 v1.0a Color table columns (DPC)
 (/usr/share/texlive/texmf-dist/tex/latex/graphics/color.sty
Package: color 2016/07/10 v1.1e Standard LaTeX Color (DPC)
 (/usr/share/texlive/texmf-dist/tex/latex/graphics-cfg/color.cfg
File: color.cfg 2016/01/02 v1.6 sample color configuration
)
Package color Info: Driver file: pdftex.def on input line 147.
)
\everycr=\toks26
\minrowclearance=\skip51
) (/usr/share/texlive/texmf-dist/tex/latex/hyperref/hyperref.sty
Package: hyperref 2018/02/06 v6.86b Hypertext links for LaTeX
 (/usr/share/texlive/texmf-dist/tex/generic/oberdiek/hobsub-hyperref.sty
Package: hobsub-hyperref 2016/05/16 v1.14 Bundle oberdiek, subset hyperref (HO)
 (/usr/share/texlive/texmf-dist/tex/generic/oberdiek/hobsub-generic.sty
Package: hobsub-generic 2016/05/16 v1.14 Bundle oberdiek, subset generic (HO)
Package: hobsub 2016/05/16 v1.14 Construct package bundles (HO)
Package: infwarerr 2016/05/16 v1.4 Providing info/warning/error messages (HO)
Package: ltxcmds 2016/05/16 v1.23 LaTeX kernel commands for general use (HO)
Package: ifluatex 2016/05/16 v1.4 Provides the ifluatex switch (HO)
Package ifluatex Info: LuaTeX not detected.
Package: ifvtex 2016/05/16 v1.6 Detect VTeX and its facilities (HO)
Package ifvtex Info: VTeX not detected.
Package: intcalc 2016/05/16 v1.2 Expandable calculations with integers (HO)
Package: ifpdf 2017/03/15 v3.2 Provides the ifpdf switch
Package: etexcmds 2016/05/16 v1.6 Avoid name clashes with e-TeX commands (HO)
Package etexcmds Info: Could not find \expanded.
(etexcmds)             That can mean that you are not using pdfTeX 1.50 or
(etexcmds)             that some package has redefined \expanded.
(etexcmds)             In the latter case, load this package earlier.
Package: kvsetkeys 2016/05/16 v1.17 Key value parser (HO)
Package: kvdefinekeys 2016/05/16 v1.4 Define keys (HO)
Package: pdftexcmds 2018/01/21 v0.26 Utility functions of pdfTeX for LuaTeX (HO)
Package pdftexcmds Info: LuaTeX not detected.
Package pdftexcmds Info: \pdf@primitive is available.
Package pdftexcmds Info: \pdf@ifprimitive is available.
Package pdftexcmds Info: \pdfdraftmode found.
Package: pdfescape 2016/05/16 v1.14 Implements pdfTeX's escape features (HO)
Package: bigintcalc 2016/05/16 v1.4 Expandable calculations on big integers (HO)
Package: bitset 2016/05/16 v1.2 Handle bit-vector datatype (HO)
Package: uniquecounter 2016/05/16 v1.3 Provide unlimited unique counter (HO)
)
Package hobsub Info: Skipping package `hobsub' (already loaded).
Package: letltxmacro 2016/05/16 v1.5 Let assignment for LaTeX macros (HO)
Package: hopatch 2016/05/16 v1.3 Wrapper for package hooks (HO)
Package: xcolor-patch 2016/05/16 xcolor patch
Package: atveryend 2016/05/16 v1.9 Hooks at the very end of document (HO)
Package atveryend Info: \enddocument detected (standard20110627).
Package: atbegshi 2016/06/09 v1.18 At begin shipout hook (HO)
Package: refcount 2016/05/16 v3.5 Data extraction from label references (HO)
Package: hycolor 2016/05/16 v1.8 Color options for hyperref/bookmark (HO)
) (/usr/share/texlive/texmf-dist/tex/generic/ifxetex/ifxetex.sty
Package: ifxetex 2010/09/12 v0.6 Provides ifxetex conditional
) (/usr/share/texlive/texmf-dist/tex/latex/oberdiek/auxhook.sty
Package: auxhook 2016/05/16 v1.4 Hooks for auxiliary files (HO)
) (/usr/share/texlive/texmf-dist/tex/latex/oberdiek/kvoptions.sty
Package: kvoptions 2016/05/16 v3.12 Key value format for package options (HO)
)
\@linkdim=\dimen140
\Hy@linkcounter=\count119
\Hy@pagecounter=\count120
 (/usr/share/texlive/texmf-dist/tex/latex/hyperref/pd1enc.def
File: pd1enc.def 2018/02/06 v6.86b Hyperref: PDFDocEncoding definition (HO)
)
\Hy@SavedSpaceFactor=\count121
 (/usr/share/texlive/texmf-dist/tex/latex/latexconfig/hyperref.cfg
File: hyperref.cfg 2002/06/06 v1.2 hyperref configuration of TeXLive
)
Package hyperref Info: Option `breaklinks' set `true' on input line 4383.
Package hyperref Info: Option `bookmarks' set `false' on input line 4383.
Package hyperref Info: Hyper figures OFF on input line 4509.
Package hyperref Info: Link nesting OFF on input line 4514.
Package hyperref Info: Hyper index ON on input line 4517.
Package hyperref Info: Plain pages OFF on input line 4524.
Package hyperref Info: Backreferencing OFF on input line 4529.
Package hyperref Info: Implicit mode ON; LaTeX internals redefined.
Package hyperref Info: Bookmarks OFF on input line 4768.
\c@Hy@tempcnt=\count122
 (/usr/share/texlive/texmf-dist/tex/latex/url/url.sty
\Urlmuskip=\muskip11
Package: url 2013/09/16  ver 3.4  Verb mode for urls, etc.
)
LaTeX Info: Redefining \url on input line 5115.
\XeTeXLinkMargin=\dimen141
\Fld@menulength=\count123
\Field@Width=\dimen142
\Fld@charsize=\dimen143
Package hyperref Info: Hyper figures OFF on input line 6369.
Package hyperref Info: Link nesting OFF on input line 6374.
Package hyperref Info: Hyper index ON on input line 6377.
Package hyperref Info: backreferencing OFF on input line 6384.
Package hyperref Info: Link coloring OFF on input line 6389.
Package hyperref Info: Link coloring with OCG OFF on input line 6394.
Package hyperref Info: PDF/A mode OFF on input line 6399.
LaTeX Info: Redefining \ref on input line 6439.
LaTeX Info: Redefining \pageref on input line 6443.
\Hy@abspage=\count124
\c@Item=\count125
\c@Hfootnote=\count126
)
Package hyperref Info: Driver (autodetected): hpdftex.
 (/usr/share/texlive/texmf-dist/tex/latex/hyperref/hpdftex.def
File: hpdftex.def 2018/02/06 v6.86b Hyperref driver for pdfTeX
\Fld@listcount=\count127
\c@bookmark@seq@number=\count128
 (/usr/share/texlive/texmf-dist/tex/latex/oberdiek/rerunfilecheck.sty
Package: rerunfilecheck 2016/05/16 v1.8 Rerun checks for auxiliary files (HO)
Package uniquecounter Info: New unique counter `rerunfilecheck' on input line 282.
)
\Hy@SectionHShift=\skip52
) (./aw3515_final_report.aux)
\openout1 = `aw3515_final_report.aux'.

LaTeX Font Info:    Checking defaults for OML/cmm/m/it on input line 29.
LaTeX Font Info:    ... okay on input line 29.
LaTeX Font Info:    Checking defaults for T1/cmr/m/n on input line 29.
LaTeX Font Info:    ... okay on input line 29.
LaTeX Font Info:    Checking defaults for OT1/cmr/m/n on input line 29.
LaTeX Font Info:    ... okay on input line 29.
LaTeX Font Info:    Checking defaults for OMS/cmsy/m/n on input line 29.
LaTeX Font Info:    ... okay on input line 29.
LaTeX Font Info:    Checking defaults for OMX/cmex/m/n on input line 29.
LaTeX Font Info:    ... okay on input line 29.
LaTeX Font Info:    Checking defaults for U/cmr/m/n on input line 29.
LaTeX Font Info:    ... okay on input line 29.
LaTeX Font Info:    Checking defaults for PD1/pdf/m/n on input line 29.
LaTeX Font Info:    ... okay on input line 29.
LaTeX Font Info:    Try loading font information for OT1+ptm on input line 29.
 (/usr/share/texlive/texmf-dist/tex/latex/psnfss/ot1ptm.fd
File: ot1ptm.fd 2001/06/04 font definitions for OT1/ptm.
) ABD: EveryShipout initializing macros (/usr/share/texlive/texmf-dist/tex/context/base/mkii/supp-pdf.mkii
[Loading MPS to PDF converter (version 2006.09.02).]
\scratchcounter=\count129
\scratchdimen=\dimen144
\scratchbox=\box37
\nofMPsegments=\count130
\nofMParguments=\count131
\everyMPshowfont=\toks27
\MPscratchCnt=\count132
\MPscratchDim=\dimen145
\MPnumerator=\count133
\makeMPintoPDFobject=\count134
\everyMPtoPDFconversion=\toks28
) (/usr/share/texlive/texmf-dist/tex/latex/oberdiek/epstopdf-base.sty
Package: epstopdf-base 2016/05/15 v2.6 Base part for package epstopdf
 (/usr/share/texlive/texmf-dist/tex/latex/oberdiek/grfext.sty
Package: grfext 2016/05/16 v1.2 Manage graphics extensions (HO)
)
Package epstopdf-base Info: Redefining graphics rule for `.eps' on input line 438.
Package grfext Info: Graphics extension search list:
(grfext)             [.pdf,.png,.jpg,.mps,.jpeg,.jbig2,.jb2,.PDF,.PNG,.JPG,.JPEG,.JBIG2,.JB2,.eps]
(grfext)             \AppendGraphicsExtensions on input line 456.
 (/usr/share/texlive/texmf-dist/tex/latex/latexconfig/epstopdf-sys.cfg
File: epstopdf-sys.cfg 2010/07/13 v1.3 Configuration of (r)epstopdf for TeX Live
))
Package caption Info: Begin \AtBeginDocument code.
Package caption Info: float package is loaded.
Package caption Info: hyperref package is loaded.
Package caption Info: listings package is loaded.
Package caption Info: End \AtBeginDocument code.
\c@lstlisting=\count135
\AtBeginShipoutBox=\box38
Package atbegshi Info: Package `everyshi' patched.
Package hyperref Info: Link coloring OFF on input line 29.
 (/usr/share/texlive/texmf-dist/tex/latex/hyperref/nameref.sty
Package: nameref 2016/05/21 v2.44 Cross-referencing by name of section
 (/usr/share/texlive/texmf-dist/tex/generic/oberdiek/gettitlestring.sty
Package: gettitlestring 2016/05/16 v1.5 Cleanup title references (HO)
)
\c@section@level=\count136
)
LaTeX Info: Redefining \ref on input line 29.
LaTeX Info: Redefining \pageref on input line 29.
LaTeX Info: Redefining \nameref on input line 29.
<../figures/cover_photo.png, id=4, 433.62pt x 289.08pt>
File: ../figures/cover_photo.png Graphic file (type png)
<use ../figures/cover_photo.png>
Package pdftex.def Info: ../figures/cover_photo.png  used on input line 49.
(pdftex.def)             Requested size: 256.07178pt x 170.71451pt.
LaTeX Font Info:    Try loading font information for U+msa on input line 53.
 (/usr/share/texlive/texmf-dist/tex/latex/amsfonts/umsa.fd
File: umsa.fd 2013/01/14 v3.01 AMS symbols A
)
LaTeX Font Info:    Try loading font information for U+msb on input line 53.
 (/usr/share/texlive/texmf-dist/tex/latex/amsfonts/umsb.fd
File: umsb.fd 2013/01/14 v3.01 AMS symbols B
)
LaTeX Font Info:    Font shape `OT1/ptm/bx/n' in size <12> not available
(Font)              Font shape `OT1/ptm/b/n' tried instead on input line 54.
 [1

{/var/lib/texmf/fonts/map/pdftex/updmap/pdftex.map} <../figures/cover_photo.png>]
LaTeX Font Info:    Font shape `OT1/ptm/bx/n' in size <14.4> not available
(Font)              Font shape `OT1/ptm/b/n' tried instead on input line 65.
 (./aw3515_final_report.tocpdfTeX warning (ext4): destination with the same identifier (name{page.1}) has been already used, duplicate ignored
<to be read again> 
                   \relax 
l.41 ... learning, RBF and RF}{42}{subsection.4.5}
                                                   [1])
\tf@toc=\write3
\openout3 = `aw3515_final_report.toc'.

 [2]
<figures/classical_comms_block_diagram.png, id=137, 392.59172pt x 264.99pt>
File: figures/classical_comms_block_diagram.png Graphic file (type png)
<use figures/classical_comms_block_diagram.png>
Package pdftex.def Info: figures/classical_comms_block_diagram.png  used on input line 86.
(pdftex.def)             Requested size: 397.48651pt x 268.31303pt.
<figures/dnn_block_diagram.png, id=140, 268.75406pt x 238.26515pt>
File: figures/dnn_block_diagram.png Graphic file (type png)
<use figures/dnn_block_diagram.png>
Package pdftex.def Info: figures/dnn_block_diagram.png  used on input line 94.
(pdftex.def)             Requested size: 397.48651pt x 352.39786pt.
 [3] [4 <./figures/classical_comms_block_diagram.png>]
<figures/oShea_autoencoder_layout.PNG, id=173, 339.51843pt x 161.47829pt>
File: figures/oShea_autoencoder_layout.PNG Graphic file (type png)
<use figures/oShea_autoencoder_layout.PNG>
Package pdftex.def Info: figures/oShea_autoencoder_layout.PNG  used on input line 132.
(pdftex.def)             Requested size: 397.48651pt x 189.05693pt.
 [5 <./figures/dnn_block_diagram.png>]
LaTeX Font Info:    Try loading font information for OMS+ptm on input line 149.
 (/usr/share/texlive/texmf-dist/tex/latex/psnfss/omsptm.fd
File: omsptm.fd 
)
LaTeX Font Info:    Font shape `OMS/ptm/m/n' in size <12> not available
(Font)              Font shape `OMS/cmsy/m/n' tried instead on input line 149.
 [6 <./figures/oShea_autoencoder_layout.PNG>] [7] [8]
Missing character: There is no â in font ptmr7t!
Missing character: There is no € in font ptmr7t!
Missing character: There is no ™ in font ptmr7t!
 [9]
<figures/oShea_autoencoder_hamming_comp.PNG, id=269, 239.77078pt x 200.62453pt>
File: figures/oShea_autoencoder_hamming_comp.PNG Graphic file (type png)
<use figures/oShea_autoencoder_hamming_comp.PNG>
Package pdftex.def Info: figures/oShea_autoencoder_hamming_comp.PNG  used on input line 235.
(pdftex.def)             Requested size: 397.48651pt x 332.61722pt.
<figures/oShea_autoencoder_TS_QAM.PNG, id=273, 243.15843pt x 231.11343pt>
File: figures/oShea_autoencoder_TS_QAM.PNG Graphic file (type png)
<use figures/oShea_autoencoder_TS_QAM.PNG>
Package pdftex.def Info: figures/oShea_autoencoder_TS_QAM.PNG  used on input line 245.
(pdftex.def)             Requested size: 397.48651pt x 377.79773pt.
 [10 <./figures/oShea_autoencoder_hamming_comp.PNG>]
<figures/oShea_autoencoder_RTN_rayleigh_comp.PNG, id=286, 242.78203pt x 199.11891pt>
File: figures/oShea_autoencoder_RTN_rayleigh_comp.PNG Graphic file (type png)
<use figures/oShea_autoencoder_RTN_rayleigh_comp.PNG>
Package pdftex.def Info: figures/oShea_autoencoder_RTN_rayleigh_comp.PNG  used on input line 259.
(pdftex.def)             Requested size: 397.48651pt x 325.99805pt.
<figures/oShea_CNN_Rx_classification.PNG, id=289, 243.15843pt x 199.49532pt>
File: figures/oShea_CNN_Rx_classification.PNG Graphic file (type png)
<use figures/oShea_CNN_Rx_classification.PNG>
Package pdftex.def Info: figures/oShea_CNN_Rx_classification.PNG  used on input line 269.
(pdftex.def)             Requested size: 397.48651pt x 326.11203pt.
 [11 <./figures/oShea_autoencoder_TS_QAM.PNG>] [12 <./figures/oShea_autoencoder_RTN_rayleigh_comp.PNG>]
<figures/Aoudia_relative_training_speeds.PNG, id=306, 297.73735pt x 241.27641pt>
File: figures/Aoudia_relative_training_speeds.PNG Graphic file (type png)
<use figures/Aoudia_relative_training_speeds.PNG>
Package pdftex.def Info: figures/Aoudia_relative_training_speeds.PNG  used on input line 286.
(pdftex.def)             Requested size: 397.48651pt x 322.12692pt.
 [13 <./figures/oShea_CNN_Rx_classification.PNG>]
<figures/Aoudia_AWGN_performance.PNG, id=319, 296.23172pt x 240.9pt>
File: figures/Aoudia_AWGN_performance.PNG Graphic file (type png)
<use figures/Aoudia_AWGN_performance.PNG>
Package pdftex.def Info: figures/Aoudia_AWGN_performance.PNG  used on input line 300.
(pdftex.def)             Requested size: 397.48651pt x 323.25276pt.
<figures/Aoudia_RBF_performance.PNG, id=322, 295.85532pt x 239.39438pt>
File: figures/Aoudia_RBF_performance.PNG Graphic file (type png)
<use figures/Aoudia_RBF_performance.PNG>
Package pdftex.def Info: figures/Aoudia_RBF_performance.PNG  used on input line 308.
(pdftex.def)             Requested size: 397.48651pt x 321.64156pt.
 [14 <./figures/Aoudia_relative_training_speeds.PNG>] [15 <./figures/Aoudia_AWGN_performance.PNG>]
<figures/Varasteh_novel_constellation_diagrams.PNG, id=340, 237.88875pt x 226.59656pt>
File: figures/Varasteh_novel_constellation_diagrams.PNG Graphic file (type png)
<use figures/Varasteh_novel_constellation_diagrams.PNG>
Package pdftex.def Info: figures/Varasteh_novel_constellation_diagrams.PNG  used on input line 328.
(pdftex.def)             Requested size: 397.48651pt x 378.63617pt.
Missing character: There is no Î in font ptmr7t!
Missing character: There is no » in font ptmr7t!
Missing character: There is no Î in font ptmr7t!
Missing character: There is no » in font ptmr7t!
Missing character: There is no Î in font ptmr7t!
Missing character: There is no » in font ptmr7t!
Missing character: There is no Î in font ptmr7t!
Missing character: There is no » in font ptmr7t!
 [16 <./figures/Aoudia_RBF_performance.PNG>] [17 <./figures/Varasteh_novel_constellation_diagrams.PNG>]
<figures/time_freq_coherence.PNG, id=354, 325.215pt x 344.78813pt>
File: figures/time_freq_coherence.PNG Graphic file (type png)
<use figures/time_freq_coherence.PNG>
Package pdftex.def Info: figures/time_freq_coherence.PNG  used on input line 354.
(pdftex.def)             Requested size: 397.48651pt x 421.44057pt.
<figures/fast_slow_flat_freq_selec_fading.PNG, id=361, 552.18797pt x 295.47891pt>
File: figures/fast_slow_flat_freq_selec_fading.PNG Graphic file (type png)
<use figures/fast_slow_flat_freq_selec_fading.PNG>
Package pdftex.def Info: figures/fast_slow_flat_freq_selec_fading.PNG  used on input line 364.
(pdftex.def)             Requested size: 397.48651pt x 212.70857pt.
 [18] [19 <./figures/time_freq_coherence.PNG>] [20 <./figures/fast_slow_flat_freq_selec_fading.PNG>] [21] [22]
<figures/initial_ae_output.png, id=423, 586.81734pt x 47.05078pt>
File: figures/initial_ae_output.png Graphic file (type png)
<use figures/initial_ae_output.png>
Package pdftex.def Info: figures/initial_ae_output.png  used on input line 474.
(pdftex.def)             Requested size: 397.48651pt x 31.86989pt.
 [23]
<figures/ae1_1_with_noise.png, id=430, 584.93532pt x 27.47766pt>
File: figures/ae1_1_with_noise.png Graphic file (type png)
<use figures/ae1_1_with_noise.png>
Package pdftex.def Info: figures/ae1_1_with_noise.png  used on input line 486.
(pdftex.def)             Requested size: 397.48651pt x 18.6728pt.
<figures/most_likely_symbol_io.PNG, id=432, 402.75468pt x 68.12953pt>
File: figures/most_likely_symbol_io.PNG Graphic file (type png)
<use figures/most_likely_symbol_io.PNG>
Package pdftex.def Info: figures/most_likely_symbol_io.PNG  used on input line 500.
(pdftex.def)             Requested size: 397.48651pt x 67.23843pt.
 [24 <./figures/initial_ae_output.png> <./figures/ae1_1_with_noise.png> <./figures/most_likely_symbol_io.PNG>]
<figures/wrong_constellation_diagram.png, id=446, 433.62pt x 289.08pt>
File: figures/wrong_constellation_diagram.png Graphic file (type png)
<use figures/wrong_constellation_diagram.png>
Package pdftex.def Info: figures/wrong_constellation_diagram.png  used on input line 516.
(pdftex.def)             Requested size: 397.48651pt x 265.00404pt.
<figures/EE3-03_comms_systems_qpsk_constellation_diagram.PNG, id=447, 167.12437pt x 112.54547pt>
File: figures/EE3-03_comms_systems_qpsk_constellation_diagram.PNG Graphic file (type png)
<use figures/EE3-03_comms_systems_qpsk_constellation_diagram.PNG>
Package pdftex.def Info: figures/EE3-03_comms_systems_qpsk_constellation_diagram.PNG  used on input line 524.
(pdftex.def)             Requested size: 397.48651pt x 267.72412pt.
 [25 <./figures/wrong_constellation_diagram.png>]
<figures/ae2_2_correctish_relu_const_diag.png, id=462, 433.62pt x 289.08pt>
File: figures/ae2_2_correctish_relu_const_diag.png Graphic file (type png)
<use figures/ae2_2_correctish_relu_const_diag.png>
Package pdftex.def Info: figures/ae2_2_correctish_relu_const_diag.png  used on input line 552.
(pdftex.def)             Requested size: 99.36972pt x 66.24438pt.

Underfull \hbox (badness 7981) in paragraph at lines 553--553
[]\OT1/ptm/m/n/10.95 (a) |The first batch
 []

<figures/ae2_2_wrong_const_diag_1d.png, id=463, 293.22047pt x 194.60204pt>
File: figures/ae2_2_wrong_const_diag_1d.png Graphic file (type png)
<use figures/ae2_2_wrong_const_diag_1d.png>
Package pdftex.def Info: figures/ae2_2_wrong_const_diag_1d.png  used on input line 558.
(pdftex.def)             Requested size: 99.36972pt x 65.94704pt.

Underfull \hbox (badness 10000) in paragraph at lines 559--559
[]\OT1/ptm/m/n/10.95 (b) |An in-cor-rect
 []


Underfull \hbox (badness 2469) in paragraph at lines 559--559
\OT1/ptm/m/n/10.95 con-stel-la-tion di-a-gram
 []


Underfull \hbox (badness 1960) in paragraph at lines 559--559
\OT1/ptm/m/n/10.95 where all the points
 []


Underfull \hbox (badness 6944) in paragraph at lines 559--559
\OT1/ptm/m/n/10.95 only var-ied in one
 []


Underfull \hbox (badness 10000) in paragraph at lines 559--559
\OT1/ptm/m/n/10.95 di-men-sion, how-ever
 []


Underfull \hbox (badness 3657) in paragraph at lines 559--559
\OT1/ptm/m/n/10.95 were not placed on
 []

<figures/ae2_2_wrong_const_diag_3points.png, id=464, 283.81032pt x 192.72pt>
File: figures/ae2_2_wrong_const_diag_3points.png Graphic file (type png)
<use figures/ae2_2_wrong_const_diag_3points.png>
Package pdftex.def Info: figures/ae2_2_wrong_const_diag_3points.png  used on input line 564.
(pdftex.def)             Requested size: 99.36972pt x 67.47652pt.
<figures/ae2_2_wrong_qpsk_kite_w_title.png, id=465, 278.91704pt x 194.60204pt>
File: figures/ae2_2_wrong_qpsk_kite_w_title.png Graphic file (type png)
<use figures/ae2_2_wrong_qpsk_kite_w_title.png>
Package pdftex.def Info: figures/ae2_2_wrong_qpsk_kite_w_title.png  used on input line 570.
(pdftex.def)             Requested size: 99.36972pt x 69.32916pt.
[26 <./figures/EE3-03_comms_systems_qpsk_constellation_diagram.PNG>]
<figures/l2_ae_inconsistent1.png, id=484, 201.00093pt x 196.86047pt>
File: figures/l2_ae_inconsistent1.png Graphic file (type png)
<use figures/l2_ae_inconsistent1.png>
Package pdftex.def Info: figures/l2_ae_inconsistent1.png  used on input line 595.
(pdftex.def)             Requested size: 99.36972pt x 97.32156pt.
<figures/l2_ae_inconsistent2.png, id=485, 201.00093pt x 196.86047pt>
File: figures/l2_ae_inconsistent2.png Graphic file (type png)
<use figures/l2_ae_inconsistent2.png>
Package pdftex.def Info: figures/l2_ae_inconsistent2.png  used on input line 601.
(pdftex.def)             Requested size: 99.36972pt x 97.32156pt.
<figures/l2_ae_inconsistent4.png, id=486, 201.00093pt x 197.23688pt>
File: figures/l2_ae_inconsistent4.png Graphic file (type png)
<use figures/l2_ae_inconsistent4.png>
Package pdftex.def Info: figures/l2_ae_inconsistent4.png  used on input line 607.
(pdftex.def)             Requested size: 99.36972pt x 97.50764pt.

Underfull \hbox (badness 1072) in paragraph at lines 608--608
[]\OT1/ptm/m/n/10.95 (c) |(2,2) au-toen-coder
 []


Underfull \hbox (badness 2020) in paragraph at lines 608--608
\OT1/ptm/m/n/10.95 con-ver-gence to three
 []

<figures/l2_ae4_2_inconsistent.png, id=487, 200.24812pt x 197.61328pt>
File: figures/l2_ae4_2_inconsistent.png Graphic file (type png)
<use figures/l2_ae4_2_inconsistent.png>
Package pdftex.def Info: figures/l2_ae4_2_inconsistent.png  used on input line 613.
(pdftex.def)             Requested size: 99.36972pt x 98.0646pt.
[27 <./figures/ae2_2_correctish_relu_const_diag.png> <./figures/ae2_2_wrong_const_diag_1d.png> <./figures/ae2_2_wrong_const_diag_3points.png> <./figures/ae2_2_wrong_qpsk_kite_w_title.png>]
<figures/relu_activation_function.png, id=499, 191.21437pt x 175.0289pt>
File: figures/relu_activation_function.png Graphic file (type png)
<use figures/relu_activation_function.png>
Package pdftex.def Info: figures/relu_activation_function.png  used on input line 632.
(pdftex.def)             Requested size: 99.36972pt x 90.95946pt.

Underfull \hbox (badness 10000) in paragraph at lines 633--633
[]\OT1/ptm/m/n/10.95 (a) |ReLu ac-ti-va-tion
 []

<figures/leaky_relu_activation_function.png, id=500, 191.21437pt x 175.0289pt>
File: figures/leaky_relu_activation_function.png Graphic file (type png)
<use figures/leaky_relu_activation_function.png>
Package pdftex.def Info: figures/leaky_relu_activation_function.png  used on input line 638.
(pdftex.def)             Requested size: 99.36972pt x 90.95946pt.
<figures/autoencoder_2_2_bler_EbNo_leaky_vs_relu.png, id=504, 433.62pt x 289.08pt>
File: figures/autoencoder_2_2_bler_EbNo_leaky_vs_relu.png Graphic file (type png)
<use figures/autoencoder_2_2_bler_EbNo_leaky_vs_relu.png>
Package pdftex.def Info: figures/autoencoder_2_2_bler_EbNo_leaky_vs_relu.png  used on input line 653.
(pdftex.def)             Requested size: 198.73946pt x 132.4932pt.
[28 <./figures/l2_ae_inconsistent1.png> <./figures/l2_ae_inconsistent2.png> <./figures/l2_ae_inconsistent4.png> <./figures/l2_ae4_2_inconsistent.png> <./figures/relu_activation_function.png> <./figures/leaky_relu_activation_function.png>]
<figures/leaky_relu_qpsk_constellation_diagram.png, id=520, 433.62pt x 289.08pt>
File: figures/leaky_relu_qpsk_constellation_diagram.png Graphic file (type png)
<use figures/leaky_relu_qpsk_constellation_diagram.png>
Package pdftex.def Info: figures/leaky_relu_qpsk_constellation_diagram.png  used on input line 666.
(pdftex.def)             Requested size: 198.73946pt x 132.4932pt.
<figures/leaky_relu_16_QAM_constellation_diagram.png, id=521, 433.62pt x 289.08pt>
File: figures/leaky_relu_16_QAM_constellation_diagram.png Graphic file (type png)
<use figures/leaky_relu_16_QAM_constellation_diagram.png>
Package pdftex.def Info: figures/leaky_relu_16_QAM_constellation_diagram.png  used on input line 672.
(pdftex.def)             Requested size: 198.73946pt x 132.4932pt.
 [29 <./figures/autoencoder_2_2_bler_EbNo_leaky_vs_relu.png> <./figures/leaky_relu_qpsk_constellation_diagram.png> <./figures/leaky_relu_16_QAM_constellation_diagram.png>]
<figures/first_act_f_comparisson.png, id=533, 433.62pt x 289.08pt>
File: figures/first_act_f_comparisson.png Graphic file (type png)
<use figures/first_act_f_comparisson.png>
Package pdftex.def Info: figures/first_act_f_comparisson.png  used on input line 712.
(pdftex.def)             Requested size: 198.73946pt x 132.4932pt.
<figures/first_act_f_comparisson_logy.png, id=534, 433.62pt x 289.08pt>
File: figures/first_act_f_comparisson_logy.png Graphic file (type png)
<use figures/first_act_f_comparisson_logy.png>
Package pdftex.def Info: figures/first_act_f_comparisson_logy.png  used on input line 718.
(pdftex.def)             Requested size: 198.73946pt x 132.4932pt.
<figures/bpsk_const_diag.jpg, id=535, 94.85437pt x 100.12407pt>
File: figures/bpsk_const_diag.jpg Graphic file (type jpg)
<use figures/bpsk_const_diag.jpg>
Package pdftex.def Info: figures/bpsk_const_diag.jpg  used on input line 733.
(pdftex.def)             Requested size: 99.36972pt x 104.89197pt.
 [30 <./figures/first_act_f_comparisson.png> <./figures/first_act_f_comparisson_logy.png>] [31 <./figures/bpsk_const_diag.jpg>]
<figures/bpsk_theo_Rr1_and_original.png, id=568, 433.62pt x 289.08pt>
File: figures/bpsk_theo_Rr1_and_original.png Graphic file (type png)
<use figures/bpsk_theo_Rr1_and_original.png>
Package pdftex.def Info: figures/bpsk_theo_Rr1_and_original.png  used on input line 778.
(pdftex.def)             Requested size: 298.11678pt x 198.75523pt.
 [32 <./figures/bpsk_theo_Rr1_and_original.png>]

Package amsmath Warning: Foreign command \atopwithdelims;
(amsmath)                \frac or \genfrac should be used instead
(amsmath)                 on input line 850.

[33]
<figures/hamming_parity_venn_diagram.png, id=609, 252.19218pt x 245.41687pt>
File: figures/hamming_parity_venn_diagram.png Graphic file (type png)
<use figures/hamming_parity_venn_diagram.png>
Package pdftex.def Info: figures/hamming_parity_venn_diagram.png  used on input line 876.
(pdftex.def)             Requested size: 99.36972pt x 96.7008pt.
 [34 <./figures/hamming_parity_venn_diagram.png>] [35]
<figures/bler_vs_eb_only_three.png, id=642, 433.62pt x 289.08pt>
File: figures/bler_vs_eb_only_three.png Graphic file (type png)
<use figures/bler_vs_eb_only_three.png>
Package pdftex.def Info: figures/bler_vs_eb_only_three.png  used on input line 943.
(pdftex.def)             Requested size: 298.11678pt x 198.75523pt.
<figures/hamming_correct_Rr_comparison.png, id=644, 433.62pt x 289.08pt>
File: figures/hamming_correct_Rr_comparison.png Graphic file (type png)
<use figures/hamming_correct_Rr_comparison.png>
Package pdftex.def Info: figures/hamming_correct_Rr_comparison.png  used on input line 957.
(pdftex.def)             Requested size: 298.11678pt x 198.75523pt.
 [36 <./figures/bler_vs_eb_only_three.png>] [37 <./figures/hamming_correct_Rr_comparison.png>]
<figures/tSNE_7_4_constellation_diagram_unnormalised.png, id=672, 433.62pt x 289.08pt>
File: figures/tSNE_7_4_constellation_diagram_unnormalised.png Graphic file (type png)
<use figures/tSNE_7_4_constellation_diagram_unnormalised.png>
Package pdftex.def Info: figures/tSNE_7_4_constellation_diagram_unnormalised.png  used on input line 996.
(pdftex.def)             Requested size: 149.05838pt x 99.371pt.
<figures/leaky_relu_7_4_constellation_diagram.png, id=673, 433.62pt x 289.08pt>
File: figures/leaky_relu_7_4_constellation_diagram.png Graphic file (type png)
<use figures/leaky_relu_7_4_constellation_diagram.png>
Package pdftex.def Info: figures/leaky_relu_7_4_constellation_diagram.png  used on input line 1002.
(pdftex.def)             Requested size: 149.05838pt x 99.371pt.
<figures/tSNE_7_4_constellation_diagram_with_noise_200.png, id=674, 433.62pt x 289.08pt>
File: figures/tSNE_7_4_constellation_diagram_with_noise_200.png Graphic file (type png)
<use figures/tSNE_7_4_constellation_diagram_with_noise_200.png>
Package pdftex.def Info: figures/tSNE_7_4_constellation_diagram_with_noise_200.png  used on input line 1008.
(pdftex.def)             Requested size: 149.05838pt x 99.371pt.
<figures/autoencoders248_bler_EbNo_original_comparison.png, id=675, 433.62pt x 289.08pt>
File: figures/autoencoders248_bler_EbNo_original_comparison.png Graphic file (type png)
<use figures/autoencoders248_bler_EbNo_original_comparison.png>
Package pdftex.def Info: figures/autoencoders248_bler_EbNo_original_comparison.png  used on input line 1019.
(pdftex.def)             Requested size: 298.11678pt x 198.75523pt.
<figures/autoencoders248_bler_EbNo_Rr1_comparison.png, id=676, 433.62pt x 289.08pt>
File: figures/autoencoders248_bler_EbNo_Rr1_comparison.png Graphic file (type png)
<use figures/autoencoders248_bler_EbNo_Rr1_comparison.png>
Package pdftex.def Info: figures/autoencoders248_bler_EbNo_Rr1_comparison.png  used on input line 1026.
(pdftex.def)             Requested size: 298.11678pt x 198.75523pt.
<figures/hamming_7_4_bler_vs_EbNo_comparison.png, id=678, 433.62pt x 289.08pt>
File: figures/hamming_7_4_bler_vs_EbNo_comparison.png Graphic file (type png)
<use figures/hamming_7_4_bler_vs_EbNo_comparison.png>
Package pdftex.def Info: figures/hamming_7_4_bler_vs_EbNo_comparison.png  used on input line 1040.
(pdftex.def)             Requested size: 298.11678pt x 198.75523pt.
 [38 <./figures/tSNE_7_4_constellation_diagram_unnormalised.png> <./figures/leaky_relu_7_4_constellation_diagram.png> <./figures/tSNE_7_4_constellation_diagram_with_noise_200.png>] [39 <./figures/autoencoders248_bler_EbNo_original_comparison.png> <./figures/autoencoders248_bler_EbNo_Rr1_comparison.png>]
<figures/autoencoder_8_8_bler_EbNo_2-5_layers.png, id=694, 433.62pt x 289.08pt>
File: figures/autoencoder_8_8_bler_EbNo_2-5_layers.png Graphic file (type png)
<use figures/autoencoder_8_8_bler_EbNo_2-5_layers.png>
Package pdftex.def Info: figures/autoencoder_8_8_bler_EbNo_2-5_layers.png  used on input line 1077.
(pdftex.def)             Requested size: 397.48651pt x 265.00404pt.
 [40 <./figures/hamming_7_4_bler_vs_EbNo_comparison.png>]
LaTeX Font Info:    Try loading font information for OT1+pcr on input line 1095.
 (/usr/share/texlive/texmf-dist/tex/latex/psnfss/ot1pcr.fd
File: ot1pcr.fd 2001/06/04 font definitions for OT1/pcr.
)
Overfull \hbox (991.16753pt too wide) in paragraph at lines 1097--1097
 []         \OT1/pcr/m/n/12 https://www.etsi.org/deliver/etsi_en/301900_301999/30190808/01.01.01_30/en_30190808v010101v.pdfhttps://www.etsi.org/deliver/etsi_en/301900_301999/30190808/01.01.01_30/en_30190808v010101v.pdf[] 
 []

[41 <./figures/autoencoder_8_8_bler_EbNo_2-5_layers.png>]
<figures/o_shea_3a_bler_vs_eb.png, id=707, 433.62pt x 289.08pt>
File: figures/o_shea_3a_bler_vs_eb.png Graphic file (type png)
<use figures/o_shea_3a_bler_vs_eb.png>
Package pdftex.def Info: figures/o_shea_3a_bler_vs_eb.png  used on input line 1115.
(pdftex.def)             Requested size: 397.48651pt x 265.00404pt.
<figures/o_shea_3b_bler_vs_eb.png, id=710, 433.62pt x 289.08pt>
File: figures/o_shea_3b_bler_vs_eb.png Graphic file (type png)
<use figures/o_shea_3b_bler_vs_eb.png>
Package pdftex.def Info: figures/o_shea_3b_bler_vs_eb.png  used on input line 1123.
(pdftex.def)             Requested size: 397.48651pt x 265.00404pt.
 [42 <./figures/o_shea_3a_bler_vs_eb.png>] [43 <./figures/o_shea_3b_bler_vs_eb.png>] [44]
LaTeX Font Info:    Font shape `OT1/ptm/bx/n' in size <10.95> not available
(Font)              Font shape `OT1/ptm/b/n' tried instead on input line 1230.

Underfull \hbox (badness 10000) in paragraph at lines 1230--1230
[]|\OT1/ptm/b/n/10.95 Potential
 []


Overfull \hbox (13.41345pt too wide) in paragraph at lines 1230--1230
[]|\OT1/ptm/b/n/10.95 Likelihood
 []


Overfull \hbox (7.60867pt too wide) in paragraph at lines 1230--1230
[]|\OT1/ptm/b/n/10.95 Potential
 []


Underfull \hbox (badness 10000) in paragraph at lines 1230--1230
\OT1/ptm/b/n/10.95 Harm
 []


Overfull \hbox (10.43355pt too wide) in paragraph at lines 1230--1230
[]|\OT1/ptm/m/n/10.95 Repetitive
 []


Underfull \hbox (badness 10000) in paragraph at lines 1230--1230
\OT1/ptm/m/n/10.95 strain
 []


Underfull \hbox (badness 10000) in paragraph at lines 1230--1230
\OT1/ptm/m/n/10.95 in-jury
 []


Overfull \hbox (0.6714pt too wide) in paragraph at lines 1230--1230
[]|\OT1/ptm/m/n/10.95 Excessive
 []


Underfull \hbox (badness 10000) in paragraph at lines 1230--1230
\OT1/ptm/m/n/10.95 use of
 []


Underfull \hbox (badness 10000) in paragraph at lines 1230--1230
[]|\OT1/ptm/m/n/10.95 Eye
 []


Overfull \hbox (0.6714pt too wide) in paragraph at lines 1230--1230
[]|\OT1/ptm/m/n/10.95 Excessive
 []


Underfull \hbox (badness 10000) in paragraph at lines 1230--1230
\OT1/ptm/m/n/10.95 use of
 []


Underfull \hbox (badness 10000) in paragraph at lines 1230--1230
[]|\OT1/ptm/m/n/10.95 Back
 []


Underfull \hbox (badness 10000) in paragraph at lines 1230--1230
[]|\OT1/ptm/m/n/10.95 User's
 []


Underfull \hbox (badness 10000) in paragraph at lines 1230--1230
\OT1/ptm/m/n/10.95 poor
 []


Underfull \hbox (badness 10000) in paragraph at lines 1230--1230
[]|\OT1/ptm/m/n/10.95 Trip
 []


Underfull \hbox (badness 10000) in paragraph at lines 1230--1230
\OT1/ptm/m/n/10.95 Haz-
 []


Underfull \hbox (badness 10000) in paragraph at lines 1230--1230
[]|\OT1/ptm/m/n/10.95 Often
 []


Underfull \hbox (badness 10000) in paragraph at lines 1230--1230
\OT1/ptm/m/n/10.95 work
 []


Underfull \hbox (badness 10000) in paragraph at lines 1230--1230
\OT1/ptm/m/n/10.95 with
 []


Underfull \hbox (badness 10000) in paragraph at lines 1230--1230
\OT1/ptm/m/n/10.95 lap-top
 []


Underfull \hbox (badness 10000) in paragraph at lines 1230--1230
\OT1/ptm/m/n/10.95 plugged
 []


Underfull \hbox (badness 10000) in paragraph at lines 1230--1230
[]|\OT1/ptm/m/n/10.95 Electric
 []


Underfull \hbox (badness 10000) in paragraph at lines 1230--1230
[]|\OT1/ptm/m/n/10.95 Often
 []


Underfull \hbox (badness 10000) in paragraph at lines 1230--1230
\OT1/ptm/m/n/10.95 work
 []


Underfull \hbox (badness 10000) in paragraph at lines 1230--1230
\OT1/ptm/m/n/10.95 with
 []


Underfull \hbox (badness 10000) in paragraph at lines 1230--1230
\OT1/ptm/m/n/10.95 lap-top
 []


Underfull \hbox (badness 10000) in paragraph at lines 1230--1230
\OT1/ptm/m/n/10.95 plugged
 []


Underfull \hbox (badness 10000) in paragraph at lines 1230--1230
[]|\OT1/ptm/m/n/10.95 Often
 []


Underfull \hbox (badness 10000) in paragraph at lines 1230--1230
\OT1/ptm/m/n/10.95 work
 []


Underfull \hbox (badness 10000) in paragraph at lines 1230--1230
\OT1/ptm/m/n/10.95 with
 []


Underfull \hbox (badness 10000) in paragraph at lines 1230--1230
\OT1/ptm/m/n/10.95 lap-top
 []


Underfull \hbox (badness 10000) in paragraph at lines 1230--1230
\OT1/ptm/m/n/10.95 plugged
 []


LaTeX Warning: Float too large for page by 1.24652pt on input line 1233.

(./aw3515_final_report.bbl [45] [46]
Missing character: There is no â in font ptmr7t!
Missing character: There is no € in font ptmr7t!
Missing character: There is no “ in font ptmr7t!
 [47]
Underfull \hbox (badness 5475) in paragraph at lines 133--135
[]\OT1/ptm/m/n/10.95 T. J. O'Shea and J. Cor-gan, ``Con-vo-lu-tional ra-dio mod-u-la-tion recog-ni-tion net-works,'' \OT1/ptm/m/it/10.95 CoRR\OT1/ptm/m/n/10.95 ,
 []


Underfull \hbox (badness 10000) in paragraph at lines 155--159
\OT1/pcr/m/n/10.95 com / @andriylazorenko / tensorflow-[]performance-[]test-[]cpu-[]vs-[]gpu-[]79fcd39170c$[]\OT1/ptm/m/n/10.95 .
 []


Underfull \hbox (badness 1308) in paragraph at lines 161--164
[]\OT1/ptm/m/n/10.95 ``Alistair Wal-lace project github.'' []$\OT1/pcr/m/n/10.95 https : / / github . com / alistairwallace97 / DNN _ short _
 []

[48])
Package atveryend Info: Empty hook `BeforeClearDocument' on input line 1241.
 [49]
Package atveryend Info: Empty hook `AfterLastShipout' on input line 1241.
 (./aw3515_final_report.aux)
Package atveryend Info: Executing hook `AtVeryEndDocument' on input line 1241.
Package atveryend Info: Empty hook `AtEndAfterFileList' on input line 1241.
Package atveryend Info: Empty hook `AtVeryVeryEnd' on input line 1241.
 ) 
Here is how much of TeX's memory you used:
 9575 strings out of 492982
 148622 string characters out of 6134896
 338939 words of memory out of 5000000
 12711 multiletter control sequences out of 15000+600000
 30128 words of font info for 71 fonts, out of 8000000 for 9000
 1141 hyphenation exceptions out of 8191
 42i,14n,43p,960b,877s stack positions out of 5000i,500n,10000p,200000b,80000s
{/usr/share/texlive/texmf-dist/fonts/enc/dvips/base/8r.enc}</usr/share/texlive/texmf-dist/fonts/type1/public/amsfonts/cm/cmbx12.pfb></usr/share/texlive/texmf-dist/fonts/type1/public/amsfonts/cm/cmbx8.pfb></usr/share/texlive/texmf-dist/fonts/type1/public/amsfonts/cm/cmex10.pfb></usr/share/texlive/texmf-dist/fonts/type1/public/amsfonts/cm/cmmi10.pfb></usr/share/texlive/texmf-dist/fonts/type1/public/amsfonts/cm/cmmi12.pfb></usr/share/texlive/texmf-dist/fonts/type1/public/amsfonts/cm/cmmi6.pfb></usr/share/texlive/texmf-dist/fonts/type1/public/amsfonts/cm/cmmi8.pfb></usr/share/texlive/texmf-dist/fonts/type1/public/amsfonts/cm/cmr10.pfb></usr/share/texlive/texmf-dist/fonts/type1/public/amsfonts/cm/cmr12.pfb></usr/share/texlive/texmf-dist/fonts/type1/public/amsfonts/cm/cmr6.pfb></usr/share/texlive/texmf-dist/fonts/type1/public/amsfonts/cm/cmr8.pfb></usr/share/texlive/texmf-dist/fonts/type1/public/amsfonts/cm/cmsy10.pfb></usr/share/texlive/texmf-dist/fonts/type1/public/amsfonts/cm/cmsy8.pfb></usr/share/texlive/texmf-dist/fonts/type1/public/amsfonts/symbols/msam10.pfb></usr/share/texlive/texmf-dist/fonts/type1/urw/courier/ucrr8a.pfb></usr/share/texlive/texmf-dist/fonts/type1/urw/times/utmb8a.pfb></usr/share/texlive/texmf-dist/fonts/type1/urw/times/utmr8a.pfb></usr/share/texlive/texmf-dist/fonts/type1/urw/times/utmri8a.pfb>
Output written on aw3515_final_report.pdf (50 pages, 2020667 bytes).
PDF statistics:
 873 PDF objects out of 1000 (max. 8388607)
 685 compressed objects within 7 object streams
 236 named destinations out of 1000 (max. 500000)
 241 words of extra memory for PDF output out of 10000 (max. 10000000)

